<?xml version="1.0" encoding="UTF-8"?>
<!-- Generated by org.testng.reporters.JUnitReportReporter -->
<testsuite hostname="DESKTOP-FC5VLJQ" failures="0" tests="1" name="driverFactory.AppTest" time="18.728" errors="0" timestamp="2024-01-09T12:22:52 IST" skipped="0">
  <testcase classname="driverFactory.AppTest" name="startTest" time="18.728">
    <system-out>
      <![CDATA[No of rows are::10
Username and password are valid::dashboard-----http://webapp.qedgetech.com/dashboard.php
Incorrect user ID or password-----http://webapp.qedgetech.com/login.php
Username and password are valid::dashboard-----http://webapp.qedgetech.com/dashboard.php
Incorrect user ID or password-----http://webapp.qedgetech.com/login.php
Username and password are valid::dashboard-----http://webapp.qedgetech.com/dashboard.php
Incorrect user ID or password-----http://webapp.qedgetech.com/login.php
Incorrect user ID or password-----http://webapp.qedgetech.com/login.php
Username and password are valid::dashboard-----http://webapp.qedgetech.com/dashboard.php
Username and password are valid::dashboard-----http://webapp.qedgetech.com/dashboard.php
Username and password are valid::dashboard-----http://webapp.qedgetech.com/dashboard.php]]>
    </system-out>
  </testcase> <!-- startTest -->
  <system-out>
    <![CDATA[No of rows are::10
Username and password are valid::dashboard-----http://webapp.qedgetech.com/dashboard.php
Incorrect user ID or password-----http://webapp.qedgetech.com/login.php
Username and password are valid::dashboard-----http://webapp.qedgetech.com/dashboard.php
Incorrect user ID or password-----http://webapp.qedgetech.com/login.php
Username and password are valid::dashboard-----http://webapp.qedgetech.com/dashboard.php
Incorrect user ID or password-----http://webapp.qedgetech.com/login.php
Incorrect user ID or password-----http://webapp.qedgetech.com/login.php
Username and password are valid::dashboard-----http://webapp.qedgetech.com/dashboard.php
Username and password are valid::dashboard-----http://webapp.qedgetech.com/dashboard.php
Username and password are valid::dashboard-----http://webapp.qedgetech.com/dashboard.php]]>
  </system-out>
</testsuite> <!-- driverFactory.AppTest -->
